<?xml version="1.0" encoding="UTF-8"?>
<testng-results skipped="0" failed="0" ignored="0" total="1" passed="1">
  <reporter-output>
  </reporter-output>
  <suite name="Default suite" duration-ms="46" started-at="2019-02-25T11:07:07Z" finished-at="2019-02-25T11:07:07Z">
    <groups>
    </groups>
    <test name="Default test" duration-ms="46" started-at="2019-02-25T11:07:07Z" finished-at="2019-02-25T11:07:07Z">
      <class name="com.qa.testcases.DataProviderHashMap">
        <test-method status="PASS" signature="HelloTest()[pri:0, instance:com.qa.testcases.DataProviderHashMap@4678c730]" name="HelloTest" duration-ms="11" started-at="2019-02-25T11:07:07Z" finished-at="2019-02-25T11:07:07Z">
          <reporter-output>
          </reporter-output>
        </test-method> <!-- HelloTest -->
      </class> <!-- com.qa.testcases.DataProviderHashMap -->
    </test> <!-- Default test -->
  </suite> <!-- Default suite -->
</testng-results>
